Epoch : 0 0.6685921730417194 0.026515151515151516
Epoch : 1 0.5712901263525991 0.043560606060606064
Epoch : 2 0.5061280971223657 0.028409090909090908
Epoch : 3 0.458228919542197 0.030303030303030304
Epoch : 4 0.4193181549057816 0.028409090909090908
Epoch : 5 0.386742173722296 0.026515151515151516
Epoch : 6 0.3580222265286879 0.026515151515151516
Epoch : 7 0.33254993413433886 0.026515151515151516
Epoch : 8 0.3099341627323266 0.022727272727272728
Epoch : 9 0.2912421732237845 0.01790633608815427
Epoch : 10 0.27356525533127063 0.028409090909090908
Epoch : 11 0.2585844776847146 0.02066115702479339
Epoch : 12 0.24482160761500849 0.025482093663911846
Epoch : 13 0.23273422456148898 0.022727272727272728
Epoch : 14 0.22137113547686374 0.026515151515151516
Epoch : 15 0.21129280057820407 0.043560606060606064
Epoch : 16 0.2016327724312291 0.032196969696969696
Epoch : 17 0.19382669573480432 0.04252754820936639
Epoch : 18 0.18627037514339795 0.03977272727272727
Epoch : 19 0.17927837597601343 0.043560606060606064
Epoch : 20 0.17284515861308936 0.04734848484848485
Epoch : 21 0.1668496931141073 0.04820936639118457
Epoch : 22 0.16125818680633197 0.041666666666666664
Epoch : 23 0.15613662925633517 0.05303030303030303
Epoch : 24 0.1519149090304519 0.041666666666666664
Validation : 24 0.15026462823152542 0.03125
Epoch : 25 0.14746636829592966 0.04924242424242424
Epoch : 26 0.14354445536931357 0.06525482093663912
Epoch : 27 0.1399733270659591 0.06628787878787878
Epoch : 28 0.13646394556218927 0.07196969696969698
Epoch : 29 0.13337318508914023 0.07283057851239669
Epoch : 30 0.13033654608509757 0.08230027548209366
Epoch : 31 0.12750365562511212 0.09073691460055096
Epoch : 32 0.12490631933465149 0.07954545454545454
Epoch : 33 0.12285065876715111 0.06525482093663912
Epoch : 34 0.12024321542544798 0.09073691460055096
Epoch : 35 0.11815524485075113 0.09848484848484848
Epoch : 36 0.11591071071046771 0.10984848484848485
Epoch : 37 0.11397084367997719 0.1268939393939394
Epoch : 38 0.11207041054060965 0.13050964187327824
Epoch : 39 0.11040891977873715 0.12878787878787878
Epoch : 40 0.10828613647908876 0.17286501377410468
Epoch : 41 0.10602714482581976 0.1740702479338843
Epoch : 42 0.10406424534140211 0.20161845730027547
Epoch : 43 0.10220420496030287 0.2365702479338843
Epoch : 44 0.10021864013238387 0.2668732782369146
Epoch : 45 0.0984384762969884 0.3121556473829201
Epoch : 46 0.09588747426415935 0.35382231404958675
Epoch : 47 0.09376332841136238 0.38205922865013775
Epoch : 48 0.09191884484254953 0.38584710743801653
Epoch : 49 0.08934362548770326 0.4257920110192837
Validation : 49 0.10528673231601715 0.13636363636363635
Epoch : 50 0.0870041215058529 0.4767561983471074
Epoch : 51 0.08447210942253922 0.509125344352617
Epoch : 52 0.08192519392028 0.5371900826446281
Epoch : 53 0.07902669003515532 0.577995867768595
Epoch : 54 0.07711701433766972 0.6065771349862259
Epoch : 55 0.07481541394284277 0.6642561983471075
Epoch : 56 0.07189574882839665 0.6916322314049587
Epoch : 57 0.07044561207294464 0.7171143250688705
Epoch : 58 0.06692409176718105 0.7587809917355371
Epoch : 59 0.06499128529068196 0.7937327823691459
Epoch : 60 0.06227473903334502 0.7691115702479339
Epoch : 61 0.060839761274330544 0.8154269972451791
Epoch : 62 0.05825327799627275 0.8298898071625345
Epoch : 63 0.05584333848321077 0.8352272727272727
Epoch : 64 0.053848649516250145 0.8543388429752066
Epoch : 65 0.052226203296220665 0.8636363636363636
Epoch : 66 0.050218507308851586 0.8901515151515151
Epoch : 67 0.04828314697652152 0.8958333333333334
Epoch : 68 0.04656942121007226 0.8911845730027549
Epoch : 69 0.04518319282567862 0.8949724517906337
Epoch : 70 0.04365716265006499 0.9044421487603306
Epoch : 71 0.04154166940486792 0.9299242424242424
Epoch : 72 0.04079827259887348 0.9149449035812671
Epoch : 73 0.039208192942720474 0.9233815426997245
Epoch : 74 0.038091581089027 0.9195936639118457
Validation : 74 0.09639969374984503 0.11292613636363637
Epoch : 75 0.03708067937104991 0.9223484848484849
Epoch : 76 0.03545113116728537 0.9366391184573003
Epoch : 77 0.03415484557097608 0.9412878787878788
Epoch : 78 0.03401860724570173 0.9385330578512397
Epoch : 79 0.03195270664538398 0.9450757575757576
Epoch : 80 0.03106652126845085 0.9498966942148761
Epoch : 81 0.030531798912720245 0.946969696969697
Epoch : 82 0.029410147587909843 0.9545454545454546
Epoch : 83 0.028106622849449966 0.9574724517906337
Epoch : 84 0.028257054925868004 0.9498966942148761
Epoch : 85 0.027140249695741768 0.9612603305785125
Epoch : 86 0.026074092214306194 0.9640151515151515
Epoch : 87 0.02546645983150511 0.959366391184573
Epoch : 88 0.024154520226698933 0.9696969696969697
Epoch : 89 0.023409895316669434 0.9734848484848485
Epoch : 90 0.023062659879073952 0.9734848484848485
Epoch : 91 0.022270296502745514 0.9696969696969697
Epoch : 92 0.02175780950170575 0.9810606060606061
Epoch : 93 0.02083430394078746 0.9810606060606061
Epoch : 94 0.02053369361568581 0.9734848484848485
Epoch : 95 0.020234177227724682 0.9783057851239668
Epoch : 96 0.01938955940193299 0.9886363636363636
Epoch : 97 0.019294252816700573 0.9810606060606061
Epoch : 98 0.018368750895288857 0.9791666666666666
Epoch : 99 0.017553791121551483 0.990530303030303
Validation : 99 0.0951946321874857 0.0625
Epoch : 100 0.017929320223629475 0.9829545454545454
Epoch : 101 0.0172147165532365 0.9867424242424242
Epoch : 102 0.016540242020379414 0.9848484848484849
Epoch : 103 0.016058448871428318 0.9848484848484849
Epoch : 104 0.015719075038126022 0.9886363636363636
Epoch : 105 0.015246429480612278 0.9848484848484849
Epoch : 106 0.014848945662379265 0.990530303030303
Epoch : 107 0.01479744849105676 0.990530303030303
Epoch : 108 0.014130048990023859 0.983987603305785
Epoch : 109 0.014156918831621155 0.9886363636363636
Epoch : 110 0.013557200517618296 0.9848484848484849
Epoch : 111 0.013326978000501791 0.990530303030303
Epoch : 112 0.013077014916096672 0.9867424242424242
Epoch : 113 0.013149914585731247 0.9924242424242424
Epoch : 114 0.012876122230381676 0.9886363636363636
Epoch : 115 0.011781147370735804 0.9943181818181818
Epoch : 116 0.012252165427939459 0.9943181818181818
Epoch : 117 0.011662131118955034 0.9915633608815426
Epoch : 118 0.011368437811280743 0.9943181818181818
Epoch : 119 0.011407699294839844 0.9962121212121212
Epoch : 120 0.01095857284963131 0.9943181818181818
Epoch : 121 0.010867329568348148 0.990530303030303
Epoch : 122 0.010515827713816456 0.9962121212121212
Epoch : 123 0.010351458310403606 0.9924242424242424
Epoch : 124 0.009722748757198904 0.9981060606060606
Validation : 124 0.09600783791393042 0.0625
Epoch : 125 0.00953965416798989 0.9924242424242424
Epoch : 126 0.009317941342790922 0.9962121212121212
Epoch : 127 0.009589709637855942 0.9886363636363636
Epoch : 128 0.00932911629647468 0.9962121212121212
Epoch : 129 0.009642652772141226 0.990530303030303
Epoch : 130 0.00872324448022427 0.9924242424242424
Epoch : 131 0.008343049071051857 0.9962121212121212
Epoch : 132 0.008495929834404678 0.9924242424242424
Epoch : 133 0.008057283308131226 1.0
Epoch : 134 0.008396274057414495 1.0
Epoch : 135 0.00818770414105419 0.9943181818181818
Epoch : 136 0.00808735615150495 0.9953512396694214
Epoch : 137 0.007564028950803207 0.9962121212121212
Epoch : 138 0.0076001990360744075 1.0
Epoch : 139 0.007488976825367321 0.9962121212121212
Epoch : 140 0.007471384791036447 0.9943181818181818
Epoch : 141 0.007134774671585271 0.9981060606060606
Epoch : 142 0.006754332913480925 1.0
Epoch : 143 0.006551187062128024 0.9981060606060606
Epoch : 144 0.006489339792592959 1.0
Epoch : 145 0.00646233760441343 1.0
Epoch : 146 0.006567214488644491 0.9962121212121212
Epoch : 147 0.006044774471471707 1.0
Epoch : 148 0.0060143360980983935 1.0
Epoch : 149 0.005932408384978771 0.9981060606060606
Validation : 149 0.10074111260473728 0.0703125
Epoch : 150 0.005637507151925202 1.0
Epoch : 151 0.005549192160480853 1.0
Epoch : 152 0.005711834666065194 0.9981060606060606
Epoch : 153 0.00584662685904539 0.9981060606060606
Epoch : 154 0.00537304130072395 0.9981060606060606
Epoch : 155 0.0059142607179555025 0.9962121212121212
Epoch : 156 0.005346451758999716 1.0
Epoch : 157 0.005064751035674955 1.0
Epoch : 158 0.005109517623416402 0.9981060606060606
Epoch : 159 0.005078968747208516 1.0
Epoch : 160 0.005114954741050799 1.0
Epoch : 161 0.0047951190675975695 1.0
Epoch : 162 0.004747796281607765 1.0
Epoch : 163 0.004552611495565736 1.0
Epoch : 164 0.004501859452857664 0.9981060606060606
Epoch : 165 0.004399979444728656 1.0
Epoch : 166 0.004211986486828237 1.0
Epoch : 167 0.004263932950738253 1.0
Epoch : 168 0.0041452366999830265 1.0
Epoch : 169 0.004186909864515517 1.0
Epoch : 170 0.004327219932086088 0.9962121212121212
Epoch : 171 0.004007385803781675 0.9981060606060606
Epoch : 172 0.003920471465045755 1.0
Epoch : 173 0.0037422767402886443 1.0
Epoch : 174 0.004372176537854653 0.9981060606060606
Validation : 174 0.10670947004109621 0.0546875
Epoch : 175 0.003858949128312595 1.0
Epoch : 176 0.003679027089454008 1.0
Epoch : 177 0.0035456259114046893 1.0
Epoch : 178 0.003419798848247438 1.0
Epoch : 179 0.0035055535139911103 1.0
Epoch : 180 0.0035053090488707476 1.0
Epoch : 181 0.0034033173596430006 1.0
Epoch : 182 0.0032165075271305714 1.0
Epoch : 183 0.0033338150348175655 1.0
Epoch : 184 0.0031863893735024967 1.0
Epoch : 185 0.0032192598111137295 1.0
Epoch : 186 0.0030787238202086 1.0
Epoch : 187 0.0029938782029079666 1.0
Epoch : 188 0.0030086677394468675 1.0
Epoch : 189 0.0028919668755296507 1.0
Epoch : 190 0.0029134530658749018 1.0
Epoch : 191 0.0028488617954832134 1.0
Epoch : 192 0.0028389033819125457 1.0
Epoch : 193 0.0026927085268790975 1.0
Epoch : 194 0.0026393223229344144 1.0
Epoch : 195 0.0026740754361857066 1.0
Epoch : 196 0.0026246914992842712 1.0
Epoch : 197 0.0026297101638082304 1.0
Epoch : 198 0.002893471159040928 0.9953512396694214
Epoch : 199 0.003305599968315977 0.9981060606060606
Validation : 199 0.10942457616329193 0.0859375
