Epoch : 0 0.661262571811676 0.001893939393939394
Epoch : 1 0.5613850409334357 0.005681818181818182
Epoch : 2 0.4968473134618817 0.005681818181818182
Epoch : 3 0.4500870659495845 0.013257575757575758
Epoch : 4 0.41341270912777295 0.017045454545454544
Epoch : 5 0.38269246888883185 0.01790633608815427
Epoch : 6 0.3562363729332433 0.02169421487603306
Epoch : 7 0.33296813025619043 0.019800275482093666
Epoch : 8 0.3124452070756392 0.020833333333333332
Epoch : 9 0.29401054888060596 0.019800275482093666
Epoch : 10 0.2774605091774102 0.022727272727272728
Epoch : 11 0.2622777386145158 0.028409090909090908
Epoch : 12 0.24844093440156995 0.028409090909090908
Epoch : 13 0.23611344848618362 0.03305785123966942
Epoch : 14 0.22411702437834305 0.03787878787878788
Epoch : 15 0.21352574455015588 0.03977272727272727
Epoch : 16 0.20406485958532852 0.03787878787878788
Epoch : 17 0.19532425972548398 0.05113636363636364
Epoch : 18 0.1869731599634344 0.0625
Epoch : 19 0.1798164388447097 0.07196969696969698
Epoch : 20 0.17269568054965048 0.0774793388429752
Epoch : 21 0.16642486868482648 0.06818181818181818
Epoch : 22 0.1606067753199375 0.08608815426997245
Epoch : 23 0.15521743080832742 0.08143939393939394
Epoch : 24 0.150315087853056 0.09745179063360881
Validation : 24 0.1481209471821785 0.03480113636363637
Epoch : 25 0.14585589188517947 0.09176997245179064
Epoch : 26 0.14156337172696085 0.10399449035812672
Epoch : 27 0.13750631429932333 0.1012396694214876
Epoch : 28 0.13390094673994815 0.11449724517906336
Epoch : 29 0.13063754773501193 0.11639118457300275
Epoch : 30 0.12759500538760965 0.11260330578512397
Epoch : 31 0.12454925658124866 0.12775482093663912
Epoch : 32 0.12192375483837994 0.14566115702479338
Epoch : 33 0.11938228051770818 0.12103994490358126
Epoch : 34 0.11708151187860605 0.14204545454545456
Epoch : 35 0.1147875517155185 0.1553030303030303
Epoch : 36 0.11279970836458784 0.16546143250688705
Epoch : 37 0.1107074652205814 0.19111570247933884
Epoch : 38 0.10909881420207745 0.18818870523415976
Epoch : 39 0.10715179483998906 0.19025482093663912
Epoch : 40 0.10559998926791278 0.19128787878787878
Epoch : 41 0.10396613790230318 0.22038567493112948
Epoch : 42 0.10274052823131735 0.22882231404958678
Epoch : 43 0.10101605703433354 0.24018595041322313
Epoch : 44 0.09955173234144847 0.26480716253443526
Epoch : 45 0.09843066447612012 0.246900826446281
Epoch : 46 0.09723937782374295 0.2868457300275482
Epoch : 47 0.09601814232089302 0.29063360881542705
Epoch : 48 0.09478918462991714 0.2847796143250689
Epoch : 49 0.09332753176038916 0.30836776859504134
Validation : 49 0.09901214949786663 0.12855113636363635
Epoch : 50 0.09235902153181308 0.3169765840220386
Epoch : 51 0.09130866983623216 0.3366046831955923
Epoch : 52 0.0900071154941212 0.35571625344352614
Epoch : 53 0.08900968504674507 0.3756887052341598
Epoch : 54 0.08803545006296852 0.37293388429752067
Epoch : 55 0.08709591514233386 0.38102617079889806
Epoch : 56 0.08563962804548668 0.4133953168044077
Epoch : 57 0.08487107288656813 0.4199380165289256
Epoch : 58 0.0834100939559214 0.43922176308539945
Epoch : 59 0.08280047887202466 0.4609159779614325
Epoch : 60 0.08152103514382333 0.48622589531680444
Epoch : 61 0.0809691846370697 0.4521349862258953
Epoch : 62 0.07985200732946396 0.4984504132231405
Epoch : 63 0.078965539959344 0.4974173553719008
Epoch : 64 0.07742065326734023 0.5335743801652892
Epoch : 65 0.07690452287594478 0.5365013774104683
Epoch : 66 0.07602680361632144 0.546831955922865
Epoch : 67 0.07572599748770396 0.5354683195592287
Epoch : 68 0.07382600506146748 0.5487258953168045
Epoch : 69 0.07363184157646063 0.5637052341597796
Epoch : 70 0.0717301806717208 0.6175964187327824
Epoch : 71 0.07178719748150218 0.5783402203856749
Epoch : 72 0.07099672294024265 0.6082988980716254
Epoch : 73 0.0696986552440759 0.6253443526170799
Epoch : 74 0.06957385542266296 0.612258953168044
Validation : 74 0.08580710459500551 0.16761363636363635
Epoch : 75 0.06818188523704355 0.6205234159779615
Epoch : 76 0.06717279666300977 0.6422176308539944
Epoch : 77 0.06588442205931201 0.6528925619834711
Epoch : 78 0.06481955392342625 0.6754476584022039
Epoch : 79 0.06464336902806253 0.6594352617079889
Epoch : 80 0.06324275820092722 0.6962809917355371
Epoch : 81 0.06268618955756679 0.6993801652892562
Epoch : 82 0.062094778048269676 0.6899104683195592
Epoch : 83 0.06099865980672114 0.7116046831955923
Epoch : 84 0.060824298384514724 0.7100550964187329
Epoch : 85 0.059328153616551194 0.7274449035812671
Epoch : 86 0.05919089066711339 0.734331955922865
Epoch : 87 0.05746644972400232 0.7474173553719008
Epoch : 88 0.05736488419951814 0.7171143250688705
Epoch : 89 0.05572957601962668 0.7699724517906337
Epoch : 90 0.055681489182241035 0.774793388429752
Epoch : 91 0.05500924609827273 0.7586088154269973
Epoch : 92 0.05384890057823875 0.7708333333333334
Epoch : 93 0.053546417504549026 0.7722107438016529
Epoch : 94 0.05294802784919739 0.7949380165289257
Epoch : 95 0.051606449326782516 0.8050964187327824
Epoch : 96 0.05095342941807978 0.8032024793388429
Epoch : 97 0.05034771527756344 0.8099173553719008
Epoch : 98 0.05063158996177442 0.8118112947658402
Epoch : 99 0.0493942533027042 0.8248966942148761
Validation : 99 0.0811470728367567 0.21448863636363635
Epoch : 100 0.04750995055744142 0.8448691460055096
Epoch : 101 0.04802250489592552 0.8106060606060606
Epoch : 102 0.04689825111717889 0.8400482093663912
Epoch : 103 0.04658174198685271 0.8383264462809917
Epoch : 104 0.045702089301564476 0.8409090909090909
Epoch : 105 0.04500102883938587 0.8517561983471075
Epoch : 106 0.04390572925860232 0.8703512396694215
Epoch : 107 0.04418911999373725 0.8684573002754821
Epoch : 108 0.04354737676454313 0.8712121212121212
Epoch : 109 0.04214573482220823 0.8808539944903581
Epoch : 110 0.04177923726313042 0.8817148760330579
Epoch : 111 0.04135787520896305 0.8865358126721763
Epoch : 112 0.041088942777026786 0.8865358126721763
Epoch : 113 0.040484865393602486 0.8987603305785125
Epoch : 114 0.039601408848256775 0.9054752066115702
Epoch : 115 0.038858687335794624 0.9082300275482094
Epoch : 116 0.03752345727248625 0.9216597796143251
Epoch : 117 0.03780266428084084 0.9140840220385674
Epoch : 118 0.03700053488666361 0.9242424242424242
Epoch : 119 0.03641523894938556 0.9159779614325069
Epoch : 120 0.036110152010664795 0.9245867768595042
Epoch : 121 0.03596159262639104 0.9206267217630854
Epoch : 122 0.0354454353677504 0.9168388429752066
Epoch : 123 0.03501046262681484 0.9176997245179064
Epoch : 124 0.03356757319786332 0.9318181818181818
Validation : 124 0.07801614189520478 0.18323863636363635
Epoch : 125 0.033330164962645736 0.9357782369146005
Epoch : 126 0.03320943310179494 0.9507575757575758
Epoch : 127 0.03161678773661455 0.9526515151515151
Epoch : 128 0.031159762462431736 0.9566115702479339
Epoch : 129 0.030827751778291935 0.9528236914600551
Epoch : 130 0.03151465935463255 0.9412878787878788
Epoch : 131 0.030404727285106976 0.9545454545454546
Epoch : 132 0.030445761414188328 0.9555785123966942
Epoch : 133 0.029281321461453583 0.9659090909090909
Epoch : 134 0.02949434163218195 0.9564393939393939
Epoch : 135 0.02834611837611054 0.9659090909090909
Epoch : 136 0.027847525691895775 0.9734848484848485
Epoch : 137 0.028183168534076576 0.9545454545454546
Epoch : 138 0.02751784918434692 0.9640151515151515
Epoch : 139 0.02746010035502188 0.9566115702479339
Epoch : 140 0.02623433032722184 0.9848484848484849
Epoch : 141 0.02587118327166095 0.974517906336088
Epoch : 142 0.026149420914324848 0.9791666666666666
Epoch : 143 0.0258392495752284 0.9801997245179063
Epoch : 144 0.02549740897886681 0.9783057851239668
Epoch : 145 0.026177530882484985 0.9696969696969697
Epoch : 146 0.0244855150354631 0.9707300275482093
Epoch : 147 0.024084943544232483 0.9783057851239668
Epoch : 148 0.0239277087490667 0.9764118457300275
Epoch : 149 0.022843922516613296 0.9791666666666666
Validation : 149 0.07781501859426498 0.20667613636363635
Epoch : 150 0.023161847934578404 0.9886363636363636
Epoch : 151 0.02228216945447705 0.9772727272727273
Epoch : 152 0.021579827605323357 0.9886363636363636
Epoch : 153 0.02095281846369758 0.9867424242424242
Epoch : 154 0.02042134828639753 0.9924242424242424
Epoch : 155 0.02147670474016305 0.9791666666666666
Epoch : 156 0.020678149649139606 0.983987603305785
Epoch : 157 0.020430102549267536 0.990530303030303
Epoch : 158 0.020609297761411377 0.9867424242424242
Epoch : 159 0.01994807544079694 0.9858815426997244
Epoch : 160 0.019556281777719658 0.9886363636363636
Epoch : 161 0.019358948663328632 0.990530303030303
Epoch : 162 0.018570067078778237 0.9848484848484849
Epoch : 163 0.01934263048072656 0.9848484848484849
Epoch : 164 0.018832878096762932 0.990530303030303
Epoch : 165 0.018127488085266315 0.9858815426997244
Epoch : 166 0.017281435853378338 0.9981060606060606
Epoch : 167 0.018483158088091648 0.9896694214876032
Epoch : 168 0.017019549892707306 0.9867424242424242
Epoch : 169 0.017111969208627037 0.9888085399449036
Epoch : 170 0.017323552376844666 0.9896694214876032
Epoch : 171 0.017775438471951267 0.983987603305785
Epoch : 172 0.016430172166137985 0.9924242424242424
Epoch : 173 0.016178020699457688 0.990530303030303
Epoch : 174 0.01604756202097192 0.9896694214876032
Validation : 174 0.07865923270583153 0.17542613636363635
Epoch : 175 0.016070217599697185 0.9943181818181818
Epoch : 176 0.01501234702653054 0.9924242424242424
Epoch : 177 0.015251495593199224 0.9924242424242424
Epoch : 178 0.01549746369886579 0.9924242424242424
Epoch : 179 0.014502867435415586 0.990530303030303
Epoch : 180 0.014747513458132744 0.9962121212121212
Epoch : 181 0.014841508430739244 0.9943181818181818
Epoch : 182 0.014389372684738853 0.9962121212121212
Epoch : 183 0.013992518638119553 0.9943181818181818
Epoch : 184 0.013855694172283014 0.9943181818181818
Epoch : 185 0.013821813080346945 0.9943181818181818
Epoch : 186 0.01343899942708738 0.990530303030303
Epoch : 187 0.013138598056905197 1.0
Epoch : 188 0.01293831609302398 0.9924242424242424
Epoch : 189 0.012346336561622042 0.9981060606060606
Epoch : 190 0.012581816902666382 0.9981060606060606
Epoch : 191 0.013266541261338827 0.9962121212121212
Epoch : 192 0.012260443333423498 0.9943181818181818
Epoch : 193 0.01184290438664682 0.9943181818181818
Epoch : 194 0.01184176230295138 1.0
Epoch : 195 0.01175176953388886 0.9888085399449036
Epoch : 196 0.010960300184899208 0.9962121212121212
Epoch : 197 0.011258886393272516 0.9962121212121212
Epoch : 198 0.010835551685004524 0.9962121212121212
Epoch : 199 0.010710132280082413 0.9981060606060606
Validation : 199 0.08124478999525309 0.19105113636363635
