Epoch : 0 0.6224292209654143 0.011363636363636364
Epoch : 1 0.42529821305563953 0.015151515151515152
Epoch : 2 0.2544634315100583 0.019800275482093666
Epoch : 3 0.1529582723072081 0.026515151515151516
Epoch : 4 0.1130563271316615 0.043560606060606064
Epoch : 5 0.09787149795077064 0.08987603305785123
Epoch : 6 0.09149575097994371 0.16081267217630854
Epoch : 7 0.08772857080806386 0.24225206611570246
Epoch : 8 0.08472113649953496 0.3130165289256199
Epoch : 9 0.08225057725653503 0.37293388429752067
Epoch : 10 0.08016166903755882 0.4400826446280992
Epoch : 11 0.0780917528000745 0.48622589531680444
Epoch : 12 0.0766152786937627 0.5363292011019284
Epoch : 13 0.07499235033085852 0.5686983471074379
Epoch : 14 0.07290477034720508 0.6237947658402204
Epoch : 15 0.07106323337013071 0.6516873278236914
Epoch : 16 0.06926702843471007 0.6782024793388429
Epoch : 17 0.06782116786097035 0.7066115702479339
Epoch : 18 0.06657904330076593 0.7229683195592287
Epoch : 19 0.0646029653196985 0.7549931129476584
Epoch : 20 0.06272333307248174 0.7928719008264462
Epoch : 21 0.061415607166109665 0.815599173553719
Epoch : 22 0.05985505111289747 0.8202479338842975
Epoch : 23 0.05851676258625406 0.8448691460055096
Epoch : 24 0.057524445607806694 0.8589876033057852
Validation : 24 0.09064269997179508 0.0546875
Epoch : 25 0.05576424232938073 0.8617424242424242
Epoch : 26 0.0539960539476438 0.8712121212121212
Epoch : 27 0.052909378413901184 0.8762052341597796
Epoch : 28 0.05187574965935765 0.8865358126721763
Epoch : 29 0.05114472578420783 0.8817148760330579
Epoch : 30 0.049161830747669395 0.896866391184573
Epoch : 31 0.04790691060550285 0.8972107438016529
Epoch : 32 0.04626282157771515 0.9128787878787878
Epoch : 33 0.04497343301773071 0.9176997245179064
Epoch : 34 0.0443896802537369 0.9139118457300276
Epoch : 35 0.04363818726304806 0.9170110192837466
Epoch : 36 0.0420841383888866 0.9242424242424242
Epoch : 37 0.04095742411234162 0.9318181818181818
Epoch : 38 0.040278226362936424 0.9271694214876033
Epoch : 39 0.0390884502593315 0.9328512396694215
Epoch : 40 0.03852593661709265 0.9404269972451791
Epoch : 41 0.03723936437657385 0.9318181818181818
Epoch : 42 0.036533403915889336 0.9356060606060606
Epoch : 43 0.03552717721146165 0.9442148760330579
Epoch : 44 0.03483836657621644 0.9442148760330579
Epoch : 45 0.03406618055746411 0.9433539944903581
Epoch : 46 0.0328239252169927 0.9404269972451791
Epoch : 47 0.03243940916251053 0.9471418732782368
Epoch : 48 0.03125407219384656 0.9461088154269973
Epoch : 49 0.03135883345296889 0.9547176308539944
Validation : 49 0.09158532787114382 0.0703125
Epoch : 50 0.030140911370064274 0.9564393939393939
Epoch : 51 0.02907229485836896 0.9574724517906337
Epoch : 52 0.028996110583345096 0.9526515151515151
Epoch : 53 0.027548288136269108 0.9536845730027549
Epoch : 54 0.027106893107746586 0.9564393939393939
Epoch : 55 0.026598228423884422 0.9526515151515151
Epoch : 56 0.026288958717927788 0.9545454545454546
Epoch : 57 0.025771436874162067 0.9583333333333334
Epoch : 58 0.02554777219439998 0.9602272727272727
Epoch : 59 0.024692142269376553 0.9612603305785125
Epoch : 60 0.023646093566309322 0.9574724517906337
Epoch : 61 0.022854736131249054 0.9603994490358126
Epoch : 62 0.022637688808820465 0.962293388429752
Epoch : 63 0.022297726605426182 0.9621212121212122
Epoch : 64 0.021635534128907955 0.9612603305785125
Epoch : 65 0.021934779248002804 0.9640151515151515
Epoch : 66 0.02063830823383548 0.9650482093663912
Epoch : 67 0.019928470649050945 0.9640151515151515
Epoch : 68 0.019770168445327065 0.9631542699724518
Epoch : 69 0.019096235518879963 0.9678030303030303
Epoch : 70 0.01963127249230941 0.9678030303030303
Epoch : 71 0.018057443963533096 0.96883608815427
Epoch : 72 0.01808726971009464 0.9678030303030303
Epoch : 73 0.01769645435904915 0.9669421487603306
Epoch : 74 0.017982922720186638 0.9659090909090909
Validation : 74 0.09588706027716398 0.0859375
Epoch : 75 0.01704177652683222 0.96883608815427
Epoch : 76 0.017078916768007206 0.9669421487603306
Epoch : 77 0.01675875177324721 0.9696969696969697
Epoch : 78 0.015918855498911755 0.9696969696969697
Epoch : 79 0.01569507663335764 0.96883608815427
Epoch : 80 0.015621291981502012 0.96883608815427
Epoch : 81 0.015399445469180742 0.9659090909090909
Epoch : 82 0.015351053101546837 0.9640151515151515
Epoch : 83 0.01441819155870965 0.9659090909090909
Epoch : 84 0.013633626428517428 0.9772727272727273
Epoch : 85 0.013482401373259949 0.9734848484848485
Epoch : 86 0.013201810588890856 0.9696969696969697
Epoch : 87 0.01364032585512508 0.9669421487603306
Epoch : 88 0.013448400789815369 0.9671143250688705
Epoch : 89 0.01264306561400493 0.9696969696969697
Epoch : 90 0.012359607315650492 0.9715909090909091
Epoch : 91 0.012046812638414629 0.9734848484848485
Epoch : 92 0.011815008030019024 0.9772727272727273
Epoch : 93 0.011589094375570616 0.9772727272727273
Epoch : 94 0.011357165294501818 0.974517906336088
Epoch : 95 0.011334137878183163 0.9734848484848485
Epoch : 96 0.011047266395480343 0.9715909090909091
Epoch : 97 0.010869963024037354 0.9734848484848485
Epoch : 98 0.010864261650677883 0.9783057851239668
Epoch : 99 0.01050422258787986 0.9753787878787878
Validation : 99 0.10318347439169884 0.09730113636363637
Epoch : 100 0.010460273136921001 0.9764118457300275
Epoch : 101 0.010143908545036207 0.974517906336088
Epoch : 102 0.010135850897341064 0.9734848484848485
Epoch : 103 0.0098720046014271 0.9801997245179063
Epoch : 104 0.009853095295980122 0.9753787878787878
Epoch : 105 0.009288581299849531 0.9791666666666666
Epoch : 106 0.008973406684218031 0.9764118457300275
Epoch : 107 0.00929800710273963 0.9791666666666666
Epoch : 108 0.009773846080696041 0.9746900826446281
Epoch : 109 0.008974197264196295 0.9734848484848485
Epoch : 110 0.00871499411931092 0.9791666666666666
Epoch : 111 0.00877992482855916 0.9848484848484849
Epoch : 112 0.008382742829395063 0.9791666666666666
Epoch : 113 0.008061372802000154 0.9810606060606061
Epoch : 114 0.008001208615799746 0.9783057851239668
Epoch : 115 0.00781454224929665 0.9772727272727273
Epoch : 116 0.007616504956262581 0.9772727272727273
Epoch : 117 0.007799989981294581 0.9772727272727273
Epoch : 118 0.007566280691235354 0.9820936639118456
Epoch : 119 0.007382660723206672 0.9783057851239668
Epoch : 120 0.007026723571911905 0.9791666666666666
Epoch : 121 0.0072592056539812775 0.9829545454545454
Epoch : 122 0.007049941105034315 0.9791666666666666
Epoch : 123 0.0070579115117928295 0.9810606060606061
Epoch : 124 0.006712166677144441 0.9791666666666666
Validation : 124 0.11027877312153578 0.08167613636363637
Epoch : 125 0.006737387654456225 0.9772727272727273
Epoch : 126 0.00672967815207261 0.9801997245179063
Epoch : 127 0.006439967356114225 0.9810606060606061
Epoch : 128 0.006420646067426512 0.9791666666666666
Epoch : 129 0.006353029706092043 0.9772727272727273
Epoch : 130 0.0062786614889222565 0.9810606060606061
Epoch : 131 0.006418546711122899 0.9829545454545454
Epoch : 132 0.006149408823782296 0.9829545454545454
Epoch : 133 0.006051383284626134 0.9867424242424242
Epoch : 134 0.005712475458329374 0.9810606060606061
Epoch : 135 0.006048490504988215 0.9877754820936638
Epoch : 136 0.00581385325076002 0.9820936639118456
Epoch : 137 0.005734354518636158 0.9829545454545454
Epoch : 138 0.005700628308466438 0.9791666666666666
Epoch : 139 0.005352482115003196 0.983987603305785
Epoch : 140 0.005197402943546574 0.9810606060606061
Epoch : 141 0.005616896207246817 0.9848484848484849
Epoch : 142 0.005252991626603585 0.9867424242424242
Epoch : 143 0.0053199056366627865 0.9829545454545454
Epoch : 144 0.0050062102717206335 0.9886363636363636
Epoch : 145 0.004869757424757788 0.9848484848484849
Epoch : 146 0.005185091310660496 0.9858815426997244
Epoch : 147 0.004682694745221825 0.9886363636363636
Epoch : 148 0.004831537632553866 0.9848484848484849
Epoch : 149 0.004815260463422446 0.9829545454545454
Validation : 149 0.11824861075729132 0.06605113636363637
Epoch : 150 0.004630138688353878 0.983987603305785
Epoch : 151 0.004919526943316062 0.9850206611570248
Epoch : 152 0.0046964649280363865 0.9886363636363636
Epoch : 153 0.004396245532640905 0.9867424242424242
Epoch : 154 0.004371518748953487 0.9848484848484849
Epoch : 155 0.004365216693699811 0.9886363636363636
Epoch : 156 0.0042378359304910355 0.9886363636363636
Epoch : 157 0.004283603866387046 0.990530303030303
Epoch : 158 0.004121687051586129 0.9886363636363636
Epoch : 159 0.004207833155030103 0.9867424242424242
Epoch : 160 0.004111746509531231 0.9886363636363636
Epoch : 161 0.003952193920585242 0.9848484848484849
Epoch : 162 0.004073111096989702 0.9886363636363636
Epoch : 163 0.0039645688939896045 0.9886363636363636
Epoch : 164 0.004060453795263487 0.9886363636363636
Epoch : 165 0.003917914716470422 0.9867424242424242
Epoch : 166 0.004014061576912574 0.9886363636363636
Epoch : 167 0.0039325003674479594 0.9877754820936638
Epoch : 168 0.003736752829740219 0.9867424242424242
Epoch : 169 0.003832611114238248 0.9877754820936638
Epoch : 170 0.00356282336834931 0.990530303030303
Epoch : 171 0.0035492216631995907 0.9886363636363636
Epoch : 172 0.0035214936007943115 0.9848484848484849
Epoch : 173 0.003396272701634602 0.9886363636363636
Epoch : 174 0.0037149241596291013 0.9886363636363636
Validation : 174 0.12462140526622534 0.08167613636363637
Epoch : 175 0.0033747565996071153 0.9867424242424242
Epoch : 176 0.003475946155517842 0.9896694214876032
Epoch : 177 0.003228330155693446 0.9886363636363636
Epoch : 178 0.0034429834675834036 0.990530303030303
Epoch : 179 0.003285627201848635 0.9877754820936638
Epoch : 180 0.003199353616571788 0.990530303030303
Epoch : 181 0.0032553304106730857 0.9886363636363636
Epoch : 182 0.0031592920810605087 0.9896694214876032
Epoch : 183 0.0031065634614082446 0.9867424242424242
Epoch : 184 0.0029697024199942298 0.9886363636363636
Epoch : 185 0.0031761165962300515 0.9886363636363636
Epoch : 186 0.003009957473047755 0.990530303030303
Epoch : 187 0.0028524495569537535 0.990530303030303
Epoch : 188 0.002895544741697835 0.990530303030303
Epoch : 189 0.002727211650573846 0.990530303030303
Epoch : 190 0.0028759106838454804 0.9886363636363636
Epoch : 191 0.0026522704230790787 0.990530303030303
Epoch : 192 0.0028066679510767713 0.9886363636363636
Epoch : 193 0.0028447914748650155 0.9886363636363636
Epoch : 194 0.002779369799871788 0.9896694214876032
Epoch : 195 0.0026605364824221892 0.9886363636363636
Epoch : 196 0.002688528271391988 0.9924242424242424
Epoch : 197 0.0031317169919158473 0.9867424242424242
Epoch : 198 0.0025724582885617783 0.990530303030303
Epoch : 199 0.0027356576756574214 0.990530303030303
Validation : 199 0.13149200659245253 0.09730113636363637
Epoch : 200 0.0025727486989291556 0.990530303030303
Epoch : 201 0.002554151067284472 0.9867424242424242
Epoch : 202 0.002430822848427025 0.9886363636363636
Epoch : 203 0.002357808624351905 0.9924242424242424
Epoch : 204 0.0023534894359975374 0.990530303030303
Epoch : 205 0.00247184763958847 0.9896694214876032
Epoch : 206 0.0024513510482696197 0.990530303030303
Epoch : 207 0.002213366497237461 0.990530303030303
Epoch : 208 0.00224218481206194 0.9886363636363636
Epoch : 209 0.002200620589340388 0.9886363636363636
Epoch : 210 0.00216869310701661 0.990530303030303
Epoch : 211 0.002256549072846996 0.9886363636363636
Epoch : 212 0.002387503818185492 0.990530303030303
Epoch : 213 0.002159054216463119 0.990530303030303
Epoch : 214 0.002103857858332269 0.990530303030303
Epoch : 215 0.0021088907872608893 0.990530303030303
Epoch : 216 0.0022504505098120057 0.9896694214876032
Epoch : 217 0.001996514928936394 0.9886363636363636
Epoch : 218 0.002057680297487726 0.9886363636363636
Epoch : 219 0.0020655499626600154 0.990530303030303
Epoch : 220 0.002059941545171155 0.990530303030303
Epoch : 221 0.0019366995389149947 0.990530303030303
Epoch : 222 0.001986541612440664 0.990530303030303
Epoch : 223 0.001988359790464694 0.990530303030303
Epoch : 224 0.0019689359010733438 0.9886363636363636
Validation : 224 0.14002516400068998 0.08948863636363637
Epoch : 225 0.0018890693900175393 0.9924242424242424
Epoch : 226 0.001999123332401117 0.9896694214876032
Epoch : 227 0.001860657694509648 0.9896694214876032
Epoch : 228 0.0017845789429195452 0.9886363636363636
Epoch : 229 0.001760068564732192 0.9924242424242424
Epoch : 230 0.001850081597116183 0.9924242424242424
Epoch : 231 0.0017761981439296947 0.990530303030303
Epoch : 232 0.001806161057726113 0.9896694214876032
Epoch : 233 0.0016969564383158065 0.990530303030303
Epoch : 234 0.001667182545078862 0.9924242424242424
Epoch : 235 0.0017671111016887044 0.9924242424242424
Epoch : 236 0.0016896245131537205 0.9924242424242424
Epoch : 237 0.0017386673540441375 0.990530303030303
Epoch : 238 0.0016501620182569957 0.9924242424242424
Epoch : 239 0.001639573074609154 0.990530303030303
Epoch : 240 0.001622295826426566 0.9886363636363636
Epoch : 241 0.0017505533266530344 0.9896694214876032
Epoch : 242 0.0016038934409152716 0.9924242424242424
Epoch : 243 0.0015779356939619352 0.9924242424242424
Epoch : 244 0.0016671915214057221 0.9924242424242424
Epoch : 245 0.001627048710361123 0.990530303030303
Epoch : 246 0.0015933836976094453 0.990530303030303
Epoch : 247 0.0016973557781470431 0.990530303030303
Epoch : 248 0.0015323828212620522 0.990530303030303
Epoch : 249 0.0015144122413458358 0.9924242424242424
Validation : 249 0.14897730946540833 0.07386363636363637
Epoch : 250 0.0014800385318019173 0.9943181818181818
Epoch : 251 0.0015423467910185343 0.990530303030303
Epoch : 252 0.0014906010377065588 0.9924242424242424
Epoch : 253 0.0014136778234828714 0.9924242424242424
Epoch : 254 0.0014798475648135398 0.9924242424242424
Epoch : 255 0.001468341076168034 0.9924242424242424
Epoch : 256 0.0015732763029959503 0.9915633608815426
Epoch : 257 0.0014182151529839207 0.9924242424242424
Epoch : 258 0.0013798466613727876 0.9924242424242424
Epoch : 259 0.0013849924064495347 0.9924242424242424
Epoch : 260 0.001397130136893159 0.990530303030303
Epoch : 261 0.0013857513135228532 0.9915633608815426
Epoch : 262 0.0014247086161931018 0.990530303030303
Epoch : 263 0.0014731392244963597 0.9934573002754821
Epoch : 264 0.001383043032767477 0.9924242424242424
Epoch : 265 0.0014324492191063296 0.9924242424242424
Epoch : 266 0.0014191379340252643 0.9924242424242424
Epoch : 267 0.0013618851927193728 0.9934573002754821
Epoch : 268 0.0013295754941998784 0.9924242424242424
Epoch : 269 0.001329663585321131 0.9934573002754821
Epoch : 270 0.0012634115542327477 0.9924242424242424
Epoch : 271 0.0013087642490228807 0.9924242424242424
Epoch : 272 0.0014072007695424625 0.9915633608815426
Epoch : 273 0.0012448678952006792 0.9924242424242424
Epoch : 274 0.0012009441967221032 0.9943181818181818
Validation : 274 0.15494199842214584 0.08167613636363637
Epoch : 275 0.001287337374047969 0.9924242424242424
Epoch : 276 0.0013230754940939898 0.9915633608815426
Epoch : 277 0.0011597047595194344 0.9943181818181818
Epoch : 278 0.0011764733512377875 0.9924242424242424
Epoch : 279 0.0011967567411237255 0.9943181818181818
Epoch : 280 0.0012253034625301193 0.9924242424242424
Epoch : 281 0.00114546379226147 0.9943181818181818
Epoch : 282 0.0011279260286369897 0.9943181818181818
Epoch : 283 0.001123585825994131 0.9943181818181818
Epoch : 284 0.0011795681705486707 0.9943181818181818
Epoch : 285 0.001132072999484301 0.9943181818181818
Epoch : 286 0.0011442601398536653 0.9943181818181818
Epoch : 287 0.001126703324244414 0.9943181818181818
Epoch : 288 0.0011211961722107264 0.9943181818181818
Epoch : 289 0.0010971918527502567 0.9943181818181818
Epoch : 290 0.0010980875301880367 0.9943181818181818
Epoch : 291 0.0011307589112689268 0.9943181818181818
Epoch : 292 0.0011124734058588122 0.9924242424242424
Epoch : 293 0.0011381513397667952 0.9943181818181818
Epoch : 294 0.0010796557282005917 0.9943181818181818
Epoch : 295 0.001052329070234643 0.9943181818181818
Epoch : 296 0.0010311540183575937 0.9924242424242424
Epoch : 297 0.001048563100718611 0.9943181818181818
Epoch : 298 0.0009600482651766276 0.9943181818181818
Epoch : 299 0.0010169075703191938 0.9943181818181818
Validation : 299 0.16242564283311367 0.09303977272727273
Epoch : 300 0.0010366183352854216 0.9924242424242424
Epoch : 301 0.000990175440551177 0.9943181818181818
Epoch : 302 0.0009882512258076476 0.9943181818181818
Epoch : 303 0.001043731111249971 0.9934573002754821
Epoch : 304 0.0009524708756626668 0.9924242424242424
Epoch : 305 0.001035246098057762 0.9943181818181818
Epoch : 306 0.001001906305618556 0.9943181818181818
Epoch : 307 0.0009931223894730492 0.9943181818181818
Epoch : 308 0.0010508391062489175 0.9943181818181818
Epoch : 309 0.000919749975296189 0.9943181818181818
Epoch : 310 0.0009438853770861346 0.9943181818181818
Epoch : 311 0.0009584073087546241 0.9934573002754821
Epoch : 312 0.0010685373223774757 0.9943181818181818
Epoch : 313 0.000960250622786892 0.9943181818181818
Epoch : 314 0.0009171753247783547 0.9943181818181818
Epoch : 315 0.0009287023721933083 0.9943181818181818
Epoch : 316 0.0009294597786554897 0.9943181818181818
Epoch : 317 0.0009194026409232085 0.9943181818181818
Epoch : 318 0.0009047573112184182 0.9943181818181818
Epoch : 319 0.0009094274754523102 0.9943181818181818
Epoch : 320 0.0008879846242383461 0.9943181818181818
Epoch : 321 0.0008676310178336942 0.9943181818181818
Epoch : 322 0.0009173403584899268 0.9934573002754821
Epoch : 323 0.0009488294180659013 0.9943181818181818
Epoch : 324 0.0008690039548761861 0.9943181818181818
Validation : 324 0.1639456544071436 0.09303977272727273
Epoch : 325 0.0009202329873170873 0.9943181818181818
Epoch : 326 0.000845622965822589 0.9943181818181818
Epoch : 327 0.0008534832670579128 0.9943181818181818
Epoch : 328 0.0008373237924939585 0.9943181818181818
Epoch : 329 0.0008918740310367535 0.9934573002754821
Epoch : 330 0.0008775299449387768 0.9943181818181818
Epoch : 331 0.0008730106020459172 0.9943181818181818
Epoch : 332 0.0008396318982263575 0.9943181818181818
Epoch : 333 0.0008473224291017025 0.9943181818181818
Epoch : 334 0.0007630445854209194 0.9943181818181818
Epoch : 335 0.0007938879110345928 0.9943181818181818
Epoch : 336 0.0008343716167887164 0.9943181818181818
Epoch : 337 0.0009192435289592003 0.9934573002754821
Epoch : 338 0.0007856026094293956 0.9943181818181818
Epoch : 339 0.0007946209139349362 0.9943181818181818
Epoch : 340 0.0008158589478239953 0.9943181818181818
Epoch : 341 0.0007800078118717382 0.9943181818181818
Epoch : 342 0.0007572213618197676 0.9943181818181818
Epoch : 343 0.0007610580143977352 0.9943181818181818
Epoch : 344 0.0007460934496273032 0.9943181818181818
Epoch : 345 0.0007965890873685677 0.9934573002754821
Epoch : 346 0.0007300070913818976 0.9943181818181818
Epoch : 347 0.0007406487711705267 0.9943181818181818
Epoch : 348 0.000752872426925354 0.9943181818181818
Epoch : 349 0.0007430845223346048 0.9943181818181818
Validation : 349 0.17204094678163528 0.08522727272727273
Epoch : 350 0.0007289120551308081 0.9943181818181818
Epoch : 351 0.0007306308323291667 0.9943181818181818
Epoch : 352 0.0007340320499321078 0.9943181818181818
Epoch : 353 0.0007784429436662432 0.9943181818181818
Epoch : 354 0.0008030831544822307 0.9934573002754821
Epoch : 355 0.000763640075147674 0.9943181818181818
Epoch : 356 0.0007447976256089257 0.9924242424242424
Epoch : 357 0.0007211243928671165 0.9943181818181818
Epoch : 358 0.0007333636099109285 0.9943181818181818
Epoch : 359 0.0007034575403050633 0.9943181818181818
Epoch : 360 0.0007472970526467896 0.9943181818181818
Epoch : 361 0.000760966956670128 0.9943181818181818
Epoch : 362 0.0007265046504361442 0.9943181818181818
Epoch : 363 0.0007476025482791363 0.9934573002754821
Epoch : 364 0.0007375662636618609 0.9943181818181818
Epoch : 365 0.0007623117231890898 0.9943181818181818
Epoch : 366 0.0006785380469271772 0.9943181818181818
Epoch : 367 0.0006330952568201941 0.9943181818181818
Epoch : 368 0.0006580840206218206 0.9943181818181818
Epoch : 369 0.000725105651574929 0.9943181818181818
Epoch : 370 0.0006697023017102655 0.9943181818181818
Epoch : 371 0.0006578377014551679 0.9943181818181818
Epoch : 372 0.0006538626579585429 0.9943181818181818
Epoch : 373 0.0006423326454806198 0.9943181818181818
Epoch : 374 0.0007004598473114046 0.9943181818181818
Validation : 374 0.1785298604518175 0.06605113636363637
Epoch : 375 0.0007499236482103835 0.9934573002754821
Epoch : 376 0.0006741865665500165 0.9943181818181818
Epoch : 377 0.0006597676011469131 0.9943181818181818
Epoch : 378 0.0006894554844069662 0.9943181818181818
Epoch : 379 0.0006471608666646662 0.9943181818181818
Epoch : 380 0.0006422135309990016 0.9943181818181818
Epoch : 381 0.0006515869084096541 0.9943181818181818
Epoch : 382 0.0006507835915368614 0.9943181818181818
Epoch : 383 0.0006687870052039877 0.9943181818181818
Epoch : 384 0.0006831502125185745 0.9934573002754821
Epoch : 385 0.0006637515085237807 0.9943181818181818
Epoch : 386 0.0006471652547285581 0.9943181818181818
Epoch : 387 0.0006449960192460849 0.9924242424242424
Epoch : 388 0.0006280350390818168 0.9943181818181818
Epoch : 389 0.0006159435755707267 0.9943181818181818
Epoch : 390 0.0006340560754655268 0.9943181818181818
Epoch : 391 0.0006302473687383374 0.9943181818181818
Epoch : 392 0.0006448777624455308 0.9943181818181818
Epoch : 393 0.0006200752428743396 0.9943181818181818
Epoch : 394 0.0006332184423103392 0.9943181818181818
Epoch : 395 0.0006530015047191586 0.9943181818181818
Epoch : 396 0.0005924091495795768 0.9943181818181818
Epoch : 397 0.0006056479678866735 0.9943181818181818
Epoch : 398 0.0005914902744045706 0.9943181818181818
Epoch : 399 0.0005969423555970108 0.9943181818181818
Validation : 399 0.18366868421435356 0.07741477272727273
Epoch : 400 0.0005770507128600553 0.9943181818181818
Epoch : 401 0.0005864887175310728 0.9943181818181818
Epoch : 402 0.0006030636907257069 0.9943181818181818
Epoch : 403 0.0005878761207206866 0.9943181818181818
Epoch : 404 0.0005934674635213786 0.9943181818181818
Epoch : 405 0.0005995132609810257 0.9943181818181818
Epoch : 406 0.0006566440463233669 0.9943181818181818
Epoch : 407 0.0006791005061214408 0.9934573002754821
Epoch : 408 0.0005780474019764259 0.9943181818181818
Epoch : 409 0.0005953903412525754 0.9943181818181818
Epoch : 410 0.0006131043997866624 0.9943181818181818
Epoch : 411 0.0005915859833432037 0.9943181818181818
Epoch : 412 0.0006209416743800058 0.9943181818181818
Epoch : 413 0.0005774759203742371 0.9943181818181818
Epoch : 414 0.000589962076584484 0.9943181818181818
Epoch : 415 0.0005674763212454943 0.9943181818181818
Epoch : 416 0.0005822599192800805 0.9943181818181818
Epoch : 417 0.0005731123925546523 0.9943181818181818
Epoch : 418 0.0006661478119812356 0.9925964187327825
Epoch : 419 0.0005722241112380289 0.9943181818181818
Epoch : 420 0.0006035576056588484 0.9943181818181818
Epoch : 421 0.0005996984370788348 0.9943181818181818
Epoch : 422 0.0005961430366424435 0.9943181818181818
Epoch : 423 0.0005759354505492163 0.9943181818181818
Epoch : 424 0.0005801129170294823 0.9943181818181818
Validation : 424 0.19000069610774517 0.0546875
Epoch : 425 0.0006135807175958304 0.9934573002754821
Epoch : 426 0.0005595824520489921 0.9924242424242424
Epoch : 427 0.0005827030002943833 0.9943181818181818
Epoch : 428 0.000579176778873344 0.9943181818181818
Epoch : 429 0.000560293741397221 0.9943181818181818
Epoch : 430 0.0005447901281568744 0.9943181818181818
Epoch : 431 0.0005513375188897816 0.9943181818181818
Epoch : 432 0.0005511795584011866 0.9943181818181818
Epoch : 433 0.0005366319219871057 0.9943181818181818
Epoch : 434 0.0005372318760650655 0.9943181818181818
Epoch : 435 0.0005593781919962952 0.9943181818181818
Epoch : 436 0.0005577069754177832 0.9943181818181818
Epoch : 437 0.000580853708181001 0.9943181818181818
Epoch : 438 0.0005386472800058651 0.9943181818181818
Epoch : 439 0.0006209917413467668 0.9924242424242424
Epoch : 440 0.0006030394542904105 0.9934573002754821
Epoch : 441 0.0005252657911941325 0.9943181818181818
Epoch : 442 0.0006102132012363819 0.9934573002754821
Epoch : 443 0.0005717689355978192 0.9943181818181818
Epoch : 444 0.0005485465454429769 0.9943181818181818
Epoch : 445 0.0006525261816215899 0.9934573002754821
Epoch : 446 0.000552245765103373 0.9943181818181818
Epoch : 447 0.0005381170294916074 0.9943181818181818
Epoch : 448 0.0005536965330644638 0.9943181818181818
Epoch : 449 0.0005431682346335782 0.9943181818181818
Validation : 449 0.19560555554926395 0.0546875
Epoch : 450 0.000601795585790762 0.9934573002754821
Epoch : 451 0.0005708969157157381 0.9924242424242424
Epoch : 452 0.0005489424158550912 0.9943181818181818
Epoch : 453 0.0005205341538275013 0.9943181818181818
Epoch : 454 0.00052987752066904 0.9943181818181818
Epoch : 455 0.0005356438686607307 0.9943181818181818
Epoch : 456 0.0005078760483284537 0.9943181818181818
Epoch : 457 0.0005191170885430465 0.9943181818181818
Epoch : 458 0.0005165975781534198 0.9943181818181818
Epoch : 459 0.0005293176671495365 0.9943181818181818
Epoch : 460 0.0005505284887366349 0.9943181818181818
Epoch : 461 0.000507371898217543 0.9943181818181818
Epoch : 462 0.0005186531436100432 0.9943181818181818
Epoch : 463 0.0005222382698610255 0.9943181818181818
Epoch : 464 0.0005076128238601307 0.9943181818181818
Epoch : 465 0.0005231799694945838 0.9924242424242424
Epoch : 466 0.0005282250555010802 0.9943181818181818
Epoch : 467 0.0005139717456834412 0.9943181818181818
Epoch : 468 0.0005544477475213529 0.9943181818181818
Epoch : 469 0.0005085317686528222 0.9943181818181818
Epoch : 470 0.0005117983171547883 0.9943181818181818
Epoch : 471 0.0005097990205919787 0.9943181818181818
Epoch : 472 0.0005069356767225228 0.9943181818181818
Epoch : 473 0.0005167319834458106 0.9943181818181818
Epoch : 474 0.0004991021482000536 0.9943181818181818
Validation : 474 0.20115743577480316 0.07741477272727273
Epoch : 475 0.0005077623182208326 0.9943181818181818
Epoch : 476 0.0004998997719116178 0.9943181818181818
Epoch : 477 0.000558442058856158 0.9934573002754821
Epoch : 478 0.0005101452036549083 0.9943181818181818
Epoch : 479 0.0005183293717092249 0.9943181818181818
Epoch : 480 0.0004927632101250558 0.9943181818181818
Epoch : 481 0.0005022453109576776 0.9943181818181818
Epoch : 482 0.0005146465308357482 0.9943181818181818
Epoch : 483 0.0005411363676874757 0.9943181818181818
Epoch : 484 0.0005849636096778946 0.9934573002754821
Epoch : 485 0.000503082461143618 0.9943181818181818
Epoch : 486 0.0005001305918554091 0.9943181818181818
Epoch : 487 0.00048384884146137415 0.9943181818181818
Epoch : 488 0.0004894485099419288 0.9943181818181818
Epoch : 489 0.00048697325859613943 0.9943181818181818
Epoch : 490 0.000484803823906766 0.9943181818181818
Epoch : 491 0.000501349061254807 0.9943181818181818
Epoch : 492 0.0005136976394141764 0.9943181818181818
Epoch : 493 0.00049998106921769 0.9943181818181818
Epoch : 494 0.0005190963420869648 0.9943181818181818
Epoch : 495 0.0005622750988660493 0.9934573002754821
Epoch : 496 0.0004923329387097373 0.9943181818181818
Epoch : 497 0.00048365557427821454 0.9943181818181818
Epoch : 498 0.0005118547008102971 0.9943181818181818
Epoch : 499 0.0004913278929906841 0.9943181818181818
Validation : 499 0.20552236028015614 0.06605113636363637
